<?xml version="1.0" encoding="UTF-8"?>
<testsuite xmlns:xsi="http://www.w3.org/2001/XMLSchema-instance" xsi:noNamespaceSchemaLocation="https://maven.apache.org/surefire/maven-surefire-plugin/xsd/surefire-test-report.xsd" name="TestSuite" time="0.741" tests="12" errors="0" skipped="0" failures="4">
  <properties>
    <property name="sun.desktop" value="windows"/>
    <property name="awt.toolkit" value="sun.awt.windows.WToolkit"/>
    <property name="java.specification.version" value="11"/>
    <property name="sun.cpu.isalist" value="amd64"/>
    <property name="sun.jnu.encoding" value="Cp1251"/>
    <property name="java.class.path" value="D:\Applications\apache-maven-3.6.0\bin\..\boot\plexus-classworlds-2.5.2.jar"/>
    <property name="java.vm.vendor" value="Oracle Corporation"/>
    <property name="sun.arch.data.model" value="64"/>
    <property name="user.variant" value=""/>
    <property name="java.vendor.url" value="http://java.oracle.com/"/>
    <property name="user.timezone" value="Europe/Minsk"/>
    <property name="maven.conf" value="D:\Applications\apache-maven-3.6.0\bin\../conf"/>
    <property name="os.name" value="Windows 10"/>
    <property name="java.vm.specification.version" value="11"/>
    <property name="sun.java.launcher" value="SUN_STANDARD"/>
    <property name="user.country" value="US"/>
    <property name="sun.boot.library.path" value="C:\Program Files\Java\jdk-11.0.2\bin"/>
    <property name="sun.java.command" value="org.codehaus.plexus.classworlds.launcher.Launcher package"/>
    <property name="jdk.debug" value="release"/>
    <property name="maven.home" value="D:\Applications\apache-maven-3.6.0\bin\.."/>
    <property name="sun.cpu.endian" value="little"/>
    <property name="user.home" value="C:\Users\Alexander_Cherevach"/>
    <property name="user.language" value="en"/>
    <property name="sun.stderr.encoding" value="cp866"/>
    <property name="java.specification.vendor" value="Oracle Corporation"/>
    <property name="java.version.date" value="2019-01-15"/>
    <property name="java.home" value="C:\Program Files\Java\jdk-11.0.2"/>
    <property name="file.separator" value="\"/>
    <property name="java.vm.compressedOopsMode" value="Zero based"/>
    <property name="line.separator" value="&#10;"/>
    <property name="sun.stdout.encoding" value="cp866"/>
    <property name="java.specification.name" value="Java Platform API Specification"/>
    <property name="java.vm.specification.vendor" value="Oracle Corporation"/>
    <property name="java.awt.graphicsenv" value="sun.awt.Win32GraphicsEnvironment"/>
    <property name="user.script" value=""/>
    <property name="sun.management.compiler" value="HotSpot 64-Bit Tiered Compilers"/>
    <property name="java.runtime.version" value="11.0.2+9-LTS"/>
    <property name="user.name" value="Alexander_Cherevach"/>
    <property name="path.separator" value=";"/>
    <property name="os.version" value="10.0"/>
    <property name="java.runtime.name" value="Java(TM) SE Runtime Environment"/>
    <property name="file.encoding" value="Cp1251"/>
    <property name="guice.disable.misplaced.annotation.check" value="true"/>
    <property name="java.vm.name" value="Java HotSpot(TM) 64-Bit Server VM"/>
    <property name="java.vendor.version" value="18.9"/>
    <property name="java.vendor.url.bug" value="http://bugreport.java.com/bugreport/"/>
    <property name="java.io.tmpdir" value="C:\Users\ALEXAN~1\AppData\Local\Temp\"/>
    <property name="java.version" value="11.0.2"/>
    <property name="user.dir" value="D:\Applications\Eclipse_workspace\TestCi"/>
    <property name="os.arch" value="amd64"/>
    <property name="maven.multiModuleProjectDirectory" value="D:\Applications\Eclipse_workspace\TestCi"/>
    <property name="java.vm.specification.name" value="Java Virtual Machine Specification"/>
    <property name="java.awt.printerjob" value="sun.awt.windows.WPrinterJob"/>
    <property name="sun.os.patch.level" value=""/>
    <property name="java.library.path" value="C:\Program Files\Java\jdk-11.0.2\bin;C:\WINDOWS\Sun\Java\bin;C:\WINDOWS\system32;C:\WINDOWS;C:\WINDOWS\system32;C:\WINDOWS;C:\WINDOWS\System32\Wbem;C:\WINDOWS\System32\WindowsPowerShell\v1.0\;C:\WINDOWS\System32\OpenSSH\;C:\Program Files\TortoiseSVN\bin;C:\Program Files\Microsoft SQL Server\120\Tools\Binn\;C:\Program Files\Microsoft SQL Server\Client SDK\ODBC\110\Tools\Binn\;C:\Program Files (x86)\Microsoft SQL Server\120\Tools\Binn\;C:\Program Files\Microsoft SQL Server\120\DTS\Binn\;C:\Program Files (x86)\Microsoft SQL Server\120\Tools\Binn\ManagementStudio\;C:\Program Files (x86)\Microsoft SQL Server\120\DTS\Binn\;C:\Program Files\Git\cmd;C:\Program Files\Git\mingw64\bin;C:\Program Files\Git\usr\bin;C:\Program Files\Calibre2\;D:\Applications\putty\;C:\Program Files\Java\jdk-11.0.2\bin;D:\Applications\apache-maven-3.6.0\bin;D:\Applications\platform-tools;C:\Users\Alexander_Cherevach\AppData\Local\Programs\Python\Python37\Scripts\;C:\Users\Alexander_Cherevach\AppData\Local\Programs\Python\Python37\;C:\Users\Alexander_Cherevach\AppData\Local\Microsoft\WindowsApps;D:\Applications\Fiddler;C:\Program Files\7-Zip;D:\Applications\putty\putty.exe;D:\Applications\Idea\IntelliJ IDEA Community Edition 2019.1\bin;;C:\Program Files\Java\jdk-11.0.2\bin;D:\Applications\apache-maven-3.6.0\bin;;."/>
    <property name="java.vendor" value="Oracle Corporation"/>
    <property name="java.vm.info" value="mixed mode"/>
    <property name="java.vm.version" value="11.0.2+9-LTS"/>
    <property name="classworlds.conf" value="D:\Applications\apache-maven-3.6.0\bin\..\bin\m2.conf"/>
    <property name="sun.io.unicode.encoding" value="UnicodeLittle"/>
    <property name="library.jansi.path" value="D:\Applications\apache-maven-3.6.0\bin\..\lib\jansi-native"/>
    <property name="java.class.version" value="55.0"/>
  </properties>
  <testcase name="cosTest" classname="test.java.SinTest" time="0.008"/>
  <testcase name="cosTest" classname="test.java.CosTest" time="0.016">
    <failure message="expected [0.5403023058681398] but found [0.8414709848078965]" type="java.lang.AssertionError">java.lang.AssertionError: expected [0.5403023058681398] but found [0.8414709848078965]
	at test.java.CosTest.cosTest(CosTest.java:16)
</failure>
  </testcase>
  <testcase name="ctgTest" classname="test.java.CtgTest" time="0.002"/>
  <testcase name="testDivideByZero" classname="test.java.DivLongTest" time="0.001">
    <failure message="&#10;Expected exception java.lang.ArithmeticException but got java.lang.NumberFormatException: Attempt to divide by zero" type="org.testng.TestException">org.testng.TestException: 

Expected exception java.lang.ArithmeticException but got java.lang.NumberFormatException: Attempt to divide by zero
	at test.java.DivLongTest.testDivideByZero(DivLongTest.java:15)
</failure>
  </testcase>
  <testcase name="divTest" classname="test.java.isPositiveTest" time="0.001"/>
  <testcase name="divTest" classname="test.java.isNegativeTest" time="0"/>
  <testcase name="divTest" classname="test.java.multTest" time="0"/>
  <testcase name="divTest" classname="test.java.MultLongTest" time="0"/>
  <testcase name="ctgTest" classname="test.java.PowTest" time="0">
    <failure message="expected [42.22425314473263] but found [32.0]" type="java.lang.AssertionError">java.lang.AssertionError: expected [42.22425314473263] but found [32.0]
	at test.java.PowTest.ctgTest(PowTest.java:15)
</failure>
  </testcase>
  <testcase name="sqrtTest" classname="test.java.SqrtTest" time="0"/>
  <testcase name="cosTest" classname="test.java.SubTest" time="0"/>
  <testcase name="tgTest" classname="test.java.TgTest" time="0">
    <failure message="expected [1.6197751905438615] but found [1.0]" type="java.lang.AssertionError">java.lang.AssertionError: expected [1.6197751905438615] but found [1.0]
	at test.java.TgTest.tgTest(TgTest.java:15)
</failure>
  </testcase>
</testsuite>