<?xml version="1.0" encoding="UTF-8"?>
<!-- Generated by org.testng.reporters.JUnitXMLReporter -->
<testsuite hostname="EPBYMINW5030" failures="1" tests="1" name="tg test" time="0.003" errors="0" timestamp="8 Apr 2019 10:14:55 GMT">
  <testcase classname="test.java.TgTest" name="tgTest" time="0.002">
    <failure type="java.lang.AssertionError" message="expected [1.6197751905438615] but found [1.0]">
      <![CDATA[java.lang.AssertionError: expected [1.6197751905438615] but found [1.0]
	at test.java.TgTest.tgTest(TgTest.java:15)
	at java.base/java.util.concurrent.FutureTask.run(FutureTask.java:264)
	at java.base/java.util.concurrent.ThreadPoolExecutor.runWorker(ThreadPoolExecutor.java:1128)
	at java.base/java.util.concurrent.ThreadPoolExecutor$Worker.run(ThreadPoolExecutor.java:628)
	at java.base/java.lang.Thread.run(Thread.java:834)
... Removed 20 stack frames]]>
    </failure>
  </testcase> <!-- tgTest -->
</testsuite> <!-- tg test -->
